[GIN] 2023/03/08 - 17:51:05 | 200 |       512.7µs |             ::1 | GET      "/api/user/getAll"
[GIN] 2023/03/08 - 17:51:09 | 200 |      1.2719ms |             ::1 | GET      "/api/user/getAll"
[GIN] 2023/03/08 - 17:52:16 | 200 |       968.6µs |             ::1 | GET      "/api/user/getAll"
[GIN] 2023/03/08 - 17:52:24 | 200 |      3.0191ms |             ::1 | GET      "/api/user/getAll"
[GIN] 2023/03/08 - 17:52:28 | 200 |       1.258ms |             ::1 | GET      "/api/user/getAll"
[GIN] 2023/03/08 - 17:52:46 | 200 |       932.1µs |             ::1 | GET      "/api/user/getAll"
[GIN] 2023/03/08 - 17:52:48 | 200 |      1.4005ms |             ::1 | GET      "/api/user/getAll"
[GIN] 2023/03/08 - 17:52:49 | 200 |      1.6692ms |             ::1 | GET      "/api/user/getAll"
[GIN] 2023/03/08 - 17:52:51 | 404 |      1.5527ms |             ::1 | GET      "/api/user/getById?id=64082ee155d406563c1d93fb"
[GIN] 2023/03/08 - 17:52:54 | 404 |       968.2µs |             ::1 | PUT      "/api/user/updateById"
[GIN] 2023/03/08 - 17:52:55 | 404 |      1.3386ms |             ::1 | DELETE   "/api/user/deleteById"
[GIN] 2023/03/08 - 17:53:42 | 404 |      1.7319ms |             ::1 | DELETE   "/api/user/deleteById"
[GIN] 2023/03/08 - 17:53:45 | 200 |       894.9µs |             ::1 | POST     "/api/user/register"
[GIN] 2023/03/08 - 17:53:47 | 200 |      1.2753ms |             ::1 | GET      "/api/user/getAll"
[GIN] 2023/03/09 - 08:42:41 | 404 |     25.0203ms |             ::1 | GET      "/api/user/getById?id=64082ee155d406563c1d93fb"
[GIN] 2023/03/09 - 08:42:46 | 200 |      8.5158ms |             ::1 | GET      "/api/user/getAll"
[GIN] 2023/03/09 - 08:42:57 | 404 |       1.127ms |             ::1 | GET      "/api/user/getById?id=64082ee155d406563c1d93fb"
[GIN] 2023/03/09 - 08:43:10 | 404 |      3.9321ms |             ::1 | PUT      "/api/user/updateById"
[GIN] 2023/03/09 - 09:22:50 | 200 |       2.148ms |             ::1 | POST     "/api/user/register"
[GIN] 2023/03/09 - 09:24:43 | 200 |      1.2103ms |             ::1 | POST     "/api/user/register"
[GIN] 2023/03/09 - 09:29:04 | 200 |       521.1µs |             ::1 | POST     "/api/user/register"
[GIN] 2023/03/09 - 09:29:52 | 200 |        1.23ms |             ::1 | POST     "/api/user/register"
[GIN] 2023/03/09 - 09:30:15 | 200 |      1.1098ms |             ::1 | POST     "/api/user/register"
[GIN] 2023/03/09 - 09:30:19 | 200 |          49µs |             ::1 | POST     "/api/user/register"
[GIN] 2023/03/09 - 09:34:25 | 200 |      3.6529ms |             ::1 | PUT      "/api/user/updateById"
[GIN] 2023/03/09 - 10:01:01 | 400 |       599.3µs |             ::1 | GET      "/api/user/getAll?fromDate=08/03/2023&toDate=09/03/2023"
[GIN] 2023/03/09 - 10:01:24 | 400 |      1.0247ms |             ::1 | GET      "/api/user/getAll?fromDate=08/03/2023&toDate=09/03/2023"
[GIN] 2023/03/09 - 10:01:35 | 400 |         649µs |             ::1 | GET      "/api/user/getAll?fromDate=08/03/2023&toDate=09/03/2023"
[GIN] 2023/03/09 - 10:02:07 | 400 |       795.6µs |             ::1 | GET      "/api/user/getAll?fromDate=08/03/2023&toDate=09/03/2023"
[GIN] 2023/03/09 - 10:02:38 | 400 |       513.9µs |             ::1 | GET      "/api/user/getAll?fromDate=08/03/2023&toDate=09/03/2023"
[GIN] 2023/03/09 - 10:02:52 | 400 |       512.4µs |             ::1 | GET      "/api/user/getAll?fromDate=08/03/2023&toDate=09/03/2023"
[GIN] 2023/03/09 - 10:03:16 | 404 |      1.0001ms |             ::1 | GET      "/api/user/getById?id=64082ee155d406563c1d93fb"
[GIN] 2023/03/09 - 10:03:34 | 404 |      1.6661ms |             ::1 | GET      "/api/user/getById?id=64082ee155d406563c1d93fb"
[GIN] 2023/03/09 - 10:04:33 | 404 |      1.2437ms |             ::1 | GET      "/api/user/getById?id=64082ee155d406563c1d93fb"
[GIN] 2023/03/09 - 10:04:48 | 400 |       179.4µs |             ::1 | GET      "/api/user/getAll?fromDate=08/03/2023&toDate=09/03/2023"
[GIN] 2023/03/09 - 10:04:50 | 400 |         191µs |             ::1 | GET      "/api/user/getAll?fromDate=08/03/2023&toDate=09/03/2023"
[GIN] 2023/03/09 - 10:04:52 | 400 |       376.6µs |             ::1 | GET      "/api/user/getAll?fromDate=08/03/2023&toDate=09/03/2023"
[GIN] 2023/03/09 - 10:07:06 | 400 |       515.3µs |             ::1 | GET      "/api/user/getAll?id=08/03/2023&toDate=09/03/2023"
[GIN] 2023/03/09 - 10:07:57 | 200 |        5.48ms |             ::1 | GET      "/api/user/getAll?fromDate=08/03/2023&toDate=09/03/2023"
[GIN] 2023/03/09 - 10:08:23 | 200 |      3.4139ms |             ::1 | GET      "/api/user/getAll?fromDate=08/03/2023&toDate=10/03/2023"
[GIN] 2023/03/09 - 10:09:42 | 200 |      5.1358ms |             ::1 | GET      "/api/user/getAll?fromDate=08/03/2023"
[GIN] 2023/03/09 - 10:09:43 | 200 |      1.8295ms |             ::1 | GET      "/api/user/getAll?fromDate=08/03/2023"
[GIN] 2023/03/09 - 10:10:24 | 200 |      1.7841ms |             ::1 | GET      "/api/user/getAll?fromDate=08/03/2023"
[GIN] 2023/03/09 - 10:15:35 | 200 |       1.655ms |             ::1 | GET      "/api/user/getAll?fromDate=08/03/2023"
[GIN] 2023/03/09 - 10:15:47 | 200 |       567.4µs |             ::1 | GET      "/api/user/getAll"
[GIN] 2023/03/09 - 10:15:54 | 200 |      1.5664ms |             ::1 | GET      "/api/user/getAll?fromDate=08/03/2023&toDate=10/03/2023"
[GIN] 2023/03/09 - 10:21:49 | 200 |         739µs |             ::1 | POST     "/api/user/register"
[GIN] 2023/03/09 - 10:21:51 | 400 |       312.1µs |             ::1 | POST     "/api/user/register"
[GIN] 2023/03/09 - 10:22:01 |   1 |      7.6244ms |             ::1 | POST     "/api/user/register"
[GIN] 2023/03/09 - 10:22:04 | 200 |       785.3µs |             ::1 | POST     "/api/user/register"
[GIN] 2023/03/09 - 10:24:20 | 200 |      1.1813ms |             ::1 | POST     "/api/user/register"
[GIN] 2023/03/09 - 10:24:30 |   1 |       9.218ms |             ::1 | POST     "/api/user/register"
[GIN] 2023/03/09 - 10:25:00 | 400 |            0s |             ::1 | POST     "/api/user/register"
[GIN] 2023/03/09 - 10:25:21 | 400 |       958.8µs |             ::1 | POST     "/api/user/register"
[GIN] 2023/03/09 - 10:25:26 | 200 |      1.7064ms |             ::1 | POST     "/api/user/register"
[GIN] 2023/03/09 - 10:51:01 | 200 |      1.9094ms |             ::1 | POST     "/api/user/register"
[GIN] 2023/03/09 - 10:51:03 | 409 |      1.5704ms |             ::1 | POST     "/api/user/register"
[GIN] 2023/03/09 - 10:51:06 | 409 |       755.3µs |             ::1 | POST     "/api/user/register"
[GIN] 2023/03/09 - 10:51:10 | 200 |      1.5991ms |             ::1 | POST     "/api/user/register"
[GIN] 2023/03/09 - 10:51:27 | 200 |      1.6128ms |             ::1 | POST     "/api/user/register"
[GIN] 2023/03/09 - 10:51:28 | 200 |      1.2853ms |             ::1 | POST     "/api/user/register"
[GIN] 2023/03/09 - 10:51:29 | 409 |      1.3967ms |             ::1 | POST     "/api/user/register"
[GIN] 2023/03/09 - 10:56:22 | 401 |      1.1429ms |             ::1 | POST     "/api/user/login"
[GIN] 2023/03/09 - 10:56:31 | 200 |      3.8246ms |             ::1 | POST     "/api/user/login"
[GIN] 2023/03/09 - 10:56:34 | 401 |      1.2085ms |             ::1 | POST     "/api/user/login"
[GIN] 2023/03/09 - 10:56:35 | 200 |      1.2656ms |             ::1 | POST     "/api/user/login"
[GIN] 2023/03/09 - 10:56:38 | 401 |      1.0742ms |             ::1 | POST     "/api/user/login"
[GIN] 2023/03/09 - 10:56:40 | 200 |      1.0183ms |             ::1 | POST     "/api/user/login"
[GIN] 2023/03/09 - 10:56:43 | 200 |      1.9517ms |             ::1 | POST     "/api/user/login"
[GIN] 2023/03/09 - 10:56:46 | 401 |       971.6µs |             ::1 | POST     "/api/user/login"
[GIN] 2023/03/09 - 10:56:48 | 200 |      1.2409ms |             ::1 | POST     "/api/user/login"
[GIN] 2023/03/09 - 11:04:15 | 200 |      1.4101ms |             ::1 | POST     "/api/user/register"
[GIN] 2023/03/09 - 11:04:30 | 200 |      2.4505ms |             ::1 | GET      "/api/user/getById?id=64095abf2f6fc1ce88313290"
[GIN] 2023/03/09 - 11:04:37 | 200 |      1.2386ms |             ::1 | PUT      "/api/user/updateById"
[GIN] 2023/03/09 - 11:04:52 | 401 |      1.0917ms |             ::1 | POST     "/api/user/login"
[GIN] 2023/03/09 - 11:04:54 | 401 |       743.1µs |             ::1 | POST     "/api/user/login"
[GIN] 2023/03/09 - 11:04:59 | 401 |      1.2751ms |             ::1 | POST     "/api/user/login"
[GIN] 2023/03/09 - 11:05:59 | 200 |      1.1533ms |             ::1 | POST     "/api/user/register"
[GIN] 2023/03/09 - 11:06:05 | 200 |       719.3µs |             ::1 | POST     "/api/user/login"
[GIN] 2023/03/09 - 11:06:06 | 200 |      1.3049ms |             ::1 | POST     "/api/user/login"
[GIN] 2023/03/09 - 11:07:38 | 409 |      1.9213ms |             ::1 | POST     "/api/user/login"
[GIN] 2023/03/09 - 11:08:43 | 404 |       510.9µs |             ::1 | GET      "/api/user/login"
[GIN] 2023/03/09 - 11:08:52 | 404 |       313.2µs |             ::1 | GET      "/api/user/logout"
[GIN] 2023/03/09 - 11:08:57 | 200 |      3.0136ms |             ::1 | POST     "/api/user/logout"
[GIN] 2023/03/09 - 11:08:58 | 401 |       931.3µs |             ::1 | POST     "/api/user/logout"
[GIN] 2023/03/09 - 11:09:02 | 200 |       801.7µs |             ::1 | POST     "/api/user/login"
[GIN] 2023/03/09 - 11:09:05 | 200 |         563µs |             ::1 | POST     "/api/user/logout"
[GIN] 2023/03/09 - 11:09:08 | 200 |      1.1021ms |             ::1 | POST     "/api/user/login"
[GIN] 2023/03/09 - 11:09:08 | 409 |      1.2577ms |             ::1 | POST     "/api/user/login"
[GIN] 2023/03/09 - 11:09:10 | 200 |         599µs |             ::1 | POST     "/api/user/logout"
[GIN] 2023/03/09 - 11:09:11 | 401 |       700.4µs |             ::1 | POST     "/api/user/logout"
