time="2023-03-08T17:51:05+07:00" level=info clientIP="::1" dataLength=341 latency=1ms method=GET path=/api/user/getAll referer= statusCode=200 userAgent=PostmanRuntime/7.29.2
time="2023-03-08T17:51:09+07:00" level=info clientIP="::1" dataLength=341 latency=2ms method=GET path=/api/user/getAll referer= statusCode=200 userAgent=PostmanRuntime/7.29.2
time="2023-03-08T17:52:16+07:00" level=info clientIP="::1" dataLength=341 latency=1ms method=GET path=/api/user/getAll referer= statusCode=200 userAgent=PostmanRuntime/7.29.2
time="2023-03-08T17:52:24+07:00" level=info clientIP="::1" dataLength=341 latency=2ms method=GET path=/api/user/getAll referer= statusCode=200 userAgent=PostmanRuntime/7.29.2
time="2023-03-08T17:52:28+07:00" level=info clientIP="::1" dataLength=341 latency=2ms method=GET path=/api/user/getAll referer= statusCode=200 userAgent=PostmanRuntime/7.29.2
time="2023-03-08T17:52:46+07:00" level=info clientIP="::1" dataLength=341 latency=1ms method=GET path=/api/user/getAll referer= statusCode=200 userAgent=PostmanRuntime/7.29.2
time="2023-03-08T17:52:48+07:00" level=info clientIP="::1" dataLength=341 latency=2ms method=GET path=/api/user/getAll referer= statusCode=200 userAgent=PostmanRuntime/7.29.2
time="2023-03-08T17:52:49+07:00" level=info clientIP="::1" dataLength=341 latency=2ms method=GET path=/api/user/getAll referer= statusCode=200 userAgent=PostmanRuntime/7.29.2
time="2023-03-08T17:52:51+07:00" level=warning clientIP="::1" dataLength=61 latency=2ms method=GET path=/api/user/getById referer= statusCode=404 userAgent=PostmanRuntime/7.29.2
time="2023-03-08T17:52:54+07:00" level=warning clientIP="::1" dataLength=34 latency=1ms method=PUT path=/api/user/updateById referer= statusCode=404 userAgent=PostmanRuntime/7.29.2
time="2023-03-08T17:52:55+07:00" level=warning clientIP="::1" dataLength=34 latency=2ms method=DELETE path=/api/user/deleteById referer= statusCode=404 userAgent=PostmanRuntime/7.29.2
time="2023-03-08T17:53:42+07:00" level=warning clientIP="::1" dataLength=34 latency=2ms method=DELETE path=/api/user/deleteById referer= statusCode=404 userAgent=PostmanRuntime/7.29.2
time="2023-03-08T17:53:45+07:00" level=info clientIP="::1" dataLength=30 latency=1ms method=POST path=/api/user/register referer= statusCode=200 userAgent=PostmanRuntime/7.29.2
time="2023-03-08T17:53:47+07:00" level=info clientIP="::1" dataLength=366 latency=2ms method=GET path=/api/user/getAll referer= statusCode=200 userAgent=PostmanRuntime/7.29.2
time="2023-03-09T08:42:41+07:00" level=warning clientIP="::1" dataLength=61 latency=26ms method=GET path=/api/user/getById referer= statusCode=404 userAgent=PostmanRuntime/7.29.2
time="2023-03-09T08:42:46+07:00" level=info clientIP="::1" dataLength=366 latency=9ms method=GET path=/api/user/getAll referer= statusCode=200 userAgent=PostmanRuntime/7.29.2
time="2023-03-09T08:42:57+07:00" level=warning clientIP="::1" dataLength=61 latency=2ms method=GET path=/api/user/getById referer= statusCode=404 userAgent=PostmanRuntime/7.29.2
time="2023-03-09T08:43:10+07:00" level=warning clientIP="::1" dataLength=34 latency=4ms method=PUT path=/api/user/updateById referer= statusCode=404 userAgent=PostmanRuntime/7.29.2
time="2023-03-09T09:22:50+07:00" level=info clientIP="::1" dataLength=30 latency=3ms method=POST path=/api/user/register referer= statusCode=200 userAgent=PostmanRuntime/7.29.2
time="2023-03-09T09:24:43+07:00" level=info clientIP="::1" dataLength=30 latency=2ms method=POST path=/api/user/register referer= statusCode=200 userAgent=PostmanRuntime/7.29.2
time="2023-03-09T09:29:04+07:00" level=info clientIP="::1" dataLength=30 latency=1ms method=POST path=/api/user/register referer= statusCode=200 userAgent=PostmanRuntime/7.29.2
time="2023-03-09T09:29:52+07:00" level=info clientIP="::1" dataLength=30 latency=2ms method=POST path=/api/user/register referer= statusCode=200 userAgent=PostmanRuntime/7.29.2
time="2023-03-09T09:30:15+07:00" level=info clientIP="::1" dataLength=30 latency=2ms method=POST path=/api/user/register referer= statusCode=200 userAgent=PostmanRuntime/7.29.2
time="2023-03-09T09:30:19+07:00" level=info clientIP="::1" dataLength=30 latency=1ms method=POST path=/api/user/register referer= statusCode=200 userAgent=PostmanRuntime/7.29.2
time="2023-03-09T09:34:25+07:00" level=info clientIP="::1" dataLength=32 latency=4ms method=PUT path=/api/user/updateById referer= statusCode=200 userAgent=PostmanRuntime/7.29.2
time="2023-03-09T10:01:01+07:00" level=warning clientIP="::1" dataLength=49 latency=1ms method=GET path=/api/user/getAll referer= statusCode=400 userAgent=PostmanRuntime/7.29.2
time="2023-03-09T10:01:24+07:00" level=warning clientIP="::1" dataLength=49 latency=1ms method=GET path=/api/user/getAll referer= statusCode=400 userAgent=PostmanRuntime/7.29.2
time="2023-03-09T10:01:35+07:00" level=warning clientIP="::1" dataLength=49 latency=1ms method=GET path=/api/user/getAll referer= statusCode=400 userAgent=PostmanRuntime/7.29.2
time="2023-03-09T10:02:07+07:00" level=warning clientIP="::1" dataLength=49 latency=1ms method=GET path=/api/user/getAll referer= statusCode=400 userAgent=PostmanRuntime/7.29.2
time="2023-03-09T10:02:38+07:00" level=warning clientIP="::1" dataLength=49 latency=0ms method=GET path=/api/user/getAll referer= statusCode=400 userAgent=PostmanRuntime/7.29.2
time="2023-03-09T10:02:52+07:00" level=warning clientIP="::1" dataLength=49 latency=1ms method=GET path=/api/user/getAll referer= statusCode=400 userAgent=PostmanRuntime/7.29.2
time="2023-03-09T10:03:16+07:00" level=warning clientIP="::1" dataLength=61 latency=2ms method=GET path=/api/user/getById referer= statusCode=404 userAgent=PostmanRuntime/7.29.2
time="2023-03-09T10:03:34+07:00" level=warning clientIP="::1" dataLength=61 latency=2ms method=GET path=/api/user/getById referer= statusCode=404 userAgent=PostmanRuntime/7.29.2
time="2023-03-09T10:04:33+07:00" level=warning clientIP="::1" dataLength=61 latency=2ms method=GET path=/api/user/getById referer= statusCode=404 userAgent=PostmanRuntime/7.29.2
time="2023-03-09T10:04:48+07:00" level=warning clientIP="::1" dataLength=49 latency=1ms method=GET path=/api/user/getAll referer= statusCode=400 userAgent=PostmanRuntime/7.29.2
time="2023-03-09T10:04:50+07:00" level=warning clientIP="::1" dataLength=49 latency=1ms method=GET path=/api/user/getAll referer= statusCode=400 userAgent=PostmanRuntime/7.29.2
time="2023-03-09T10:04:52+07:00" level=warning clientIP="::1" dataLength=49 latency=1ms method=GET path=/api/user/getAll referer= statusCode=400 userAgent=PostmanRuntime/7.29.2
time="2023-03-09T10:07:06+07:00" level=warning clientIP="::1" dataLength=49 latency=1ms method=GET path=/api/user/getAll referer= statusCode=400 userAgent=PostmanRuntime/7.29.2
time="2023-03-09T10:07:57+07:00" level=info clientIP="::1" dataLength=42 latency=6ms method=GET path=/api/user/getAll referer= statusCode=200 userAgent=PostmanRuntime/7.29.2
time="2023-03-09T10:08:23+07:00" level=info clientIP="::1" dataLength=116 latency=3ms method=GET path=/api/user/getAll referer= statusCode=200 userAgent=PostmanRuntime/7.29.2
time="2023-03-09T10:09:42+07:00" level=info clientIP="::1" dataLength=42 latency=6ms method=GET path=/api/user/getAll referer= statusCode=200 userAgent=PostmanRuntime/7.29.2
time="2023-03-09T10:09:43+07:00" level=info clientIP="::1" dataLength=42 latency=2ms method=GET path=/api/user/getAll referer= statusCode=200 userAgent=PostmanRuntime/7.29.2
time="2023-03-09T10:10:24+07:00" level=info clientIP="::1" dataLength=66 latency=2ms method=GET path=/api/user/getAll referer= statusCode=200 userAgent=PostmanRuntime/7.29.2
time="2023-03-09T10:15:35+07:00" level=info clientIP="::1" dataLength=66 latency=2ms method=GET path=/api/user/getAll referer= statusCode=200 userAgent=PostmanRuntime/7.29.2
time="2023-03-09T10:15:47+07:00" level=info clientIP="::1" dataLength=66 latency=1ms method=GET path=/api/user/getAll referer= statusCode=200 userAgent=PostmanRuntime/7.29.2
time="2023-03-09T10:15:54+07:00" level=info clientIP="::1" dataLength=116 latency=2ms method=GET path=/api/user/getAll referer= statusCode=200 userAgent=PostmanRuntime/7.29.2
time="2023-03-09T10:21:49+07:00" level=info clientIP="::1" dataLength=30 latency=1ms method=POST path=/api/user/register referer= statusCode=200 userAgent=PostmanRuntime/7.29.2
time="2023-03-09T10:21:51+07:00" level=error clientIP="::1" dataLength=89 latency=1ms method=POST path=/api/user/register referer= statusCode=400 userAgent=PostmanRuntime/7.29.2
time="2023-03-09T10:22:01+07:00" level=info clientIP="::1" dataLength=0 latency=8ms method=POST path=/api/user/register referer= statusCode=1 userAgent=PostmanRuntime/7.29.2
time="2023-03-09T10:22:04+07:00" level=info clientIP="::1" dataLength=30 latency=1ms method=POST path=/api/user/register referer= statusCode=200 userAgent=PostmanRuntime/7.29.2
time="2023-03-09T10:24:20+07:00" level=info clientIP="::1" dataLength=30 latency=2ms method=POST path=/api/user/register referer= statusCode=200 userAgent=PostmanRuntime/7.29.2
time="2023-03-09T10:24:30+07:00" level=info clientIP="::1" dataLength=0 latency=10ms method=POST path=/api/user/register referer= statusCode=1 userAgent=PostmanRuntime/7.29.2
time="2023-03-09T10:25:00+07:00" level=warning clientIP="::1" dataLength=37 latency=0ms method=POST path=/api/user/register referer= statusCode=400 userAgent=PostmanRuntime/7.29.2
time="2023-03-09T10:25:21+07:00" level=warning clientIP="::1" dataLength=37 latency=1ms method=POST path=/api/user/register referer= statusCode=400 userAgent=PostmanRuntime/7.29.2
time="2023-03-09T10:25:26+07:00" level=info clientIP="::1" dataLength=30 latency=2ms method=POST path=/api/user/register referer= statusCode=200 userAgent=PostmanRuntime/7.29.2
time="2023-03-09T10:51:01+07:00" level=info clientIP="::1" dataLength=30 latency=2ms method=POST path=/api/user/register referer= statusCode=200 userAgent=PostmanRuntime/7.29.2
time="2023-03-09T10:51:03+07:00" level=warning clientIP="::1" dataLength=38 latency=2ms method=POST path=/api/user/register referer= statusCode=409 userAgent=PostmanRuntime/7.29.2
time="2023-03-09T10:51:06+07:00" level=warning clientIP="::1" dataLength=38 latency=1ms method=POST path=/api/user/register referer= statusCode=409 userAgent=PostmanRuntime/7.29.2
time="2023-03-09T10:51:10+07:00" level=info clientIP="::1" dataLength=30 latency=2ms method=POST path=/api/user/register referer= statusCode=200 userAgent=PostmanRuntime/7.29.2
time="2023-03-09T10:51:27+07:00" level=info clientIP="::1" dataLength=30 latency=2ms method=POST path=/api/user/register referer= statusCode=200 userAgent=PostmanRuntime/7.29.2
time="2023-03-09T10:51:28+07:00" level=info clientIP="::1" dataLength=30 latency=2ms method=POST path=/api/user/register referer= statusCode=200 userAgent=PostmanRuntime/7.29.2
time="2023-03-09T10:51:29+07:00" level=warning clientIP="::1" dataLength=38 latency=2ms method=POST path=/api/user/register referer= statusCode=409 userAgent=PostmanRuntime/7.29.2
time="2023-03-09T10:56:22+07:00" level=warning clientIP="::1" dataLength=52 latency=2ms method=POST path=/api/user/login referer= statusCode=401 userAgent=PostmanRuntime/7.29.2
time="2023-03-09T10:56:31+07:00" level=info clientIP="::1" dataLength=32 latency=4ms method=POST path=/api/user/login referer= statusCode=200 userAgent=PostmanRuntime/7.29.2
time="2023-03-09T10:56:34+07:00" level=warning clientIP="::1" dataLength=46 latency=2ms method=POST path=/api/user/login referer= statusCode=401 userAgent=PostmanRuntime/7.29.2
time="2023-03-09T10:56:35+07:00" level=info clientIP="::1" dataLength=32 latency=2ms method=POST path=/api/user/login referer= statusCode=200 userAgent=PostmanRuntime/7.29.2
time="2023-03-09T10:56:38+07:00" level=warning clientIP="::1" dataLength=46 latency=2ms method=POST path=/api/user/login referer= statusCode=401 userAgent=PostmanRuntime/7.29.2
time="2023-03-09T10:56:40+07:00" level=info clientIP="::1" dataLength=32 latency=2ms method=POST path=/api/user/login referer= statusCode=200 userAgent=PostmanRuntime/7.29.2
time="2023-03-09T10:56:43+07:00" level=info clientIP="::1" dataLength=32 latency=2ms method=POST path=/api/user/login referer= statusCode=200 userAgent=PostmanRuntime/7.29.2
time="2023-03-09T10:56:46+07:00" level=warning clientIP="::1" dataLength=52 latency=1ms method=POST path=/api/user/login referer= statusCode=401 userAgent=PostmanRuntime/7.29.2
time="2023-03-09T10:56:48+07:00" level=info clientIP="::1" dataLength=32 latency=2ms method=POST path=/api/user/login referer= statusCode=200 userAgent=PostmanRuntime/7.29.2
time="2023-03-09T11:04:15+07:00" level=info clientIP="::1" dataLength=30 latency=1ms method=POST path=/api/user/register referer= statusCode=200 userAgent=PostmanRuntime/7.29.2
time="2023-03-09T11:04:30+07:00" level=info clientIP="::1" dataLength=84 latency=3ms method=GET path=/api/user/getById referer= statusCode=200 userAgent=PostmanRuntime/7.29.2
time="2023-03-09T11:04:37+07:00" level=info clientIP="::1" dataLength=32 latency=2ms method=PUT path=/api/user/updateById referer= statusCode=200 userAgent=PostmanRuntime/7.29.2
time="2023-03-09T11:04:52+07:00" level=warning clientIP="::1" dataLength=52 latency=2ms method=POST path=/api/user/login referer= statusCode=401 userAgent=PostmanRuntime/7.29.2
time="2023-03-09T11:04:54+07:00" level=warning clientIP="::1" dataLength=52 latency=1ms method=POST path=/api/user/login referer= statusCode=401 userAgent=PostmanRuntime/7.29.2
time="2023-03-09T11:04:59+07:00" level=warning clientIP="::1" dataLength=52 latency=2ms method=POST path=/api/user/login referer= statusCode=401 userAgent=PostmanRuntime/7.29.2
time="2023-03-09T11:05:59+07:00" level=info clientIP="::1" dataLength=30 latency=2ms method=POST path=/api/user/register referer= statusCode=200 userAgent=PostmanRuntime/7.29.2
time="2023-03-09T11:06:05+07:00" level=info clientIP="::1" dataLength=32 latency=1ms method=POST path=/api/user/login referer= statusCode=200 userAgent=PostmanRuntime/7.29.2
time="2023-03-09T11:06:06+07:00" level=info clientIP="::1" dataLength=32 latency=2ms method=POST path=/api/user/login referer= statusCode=200 userAgent=PostmanRuntime/7.29.2
time="2023-03-09T11:07:38+07:00" level=warning clientIP="::1" dataLength=39 latency=2ms method=POST path=/api/user/login referer= statusCode=409 userAgent=PostmanRuntime/7.29.2
time="2023-03-09T11:08:43+07:00" level=warning clientIP="::1" dataLength=0 latency=0ms method=GET path=/api/user/login referer= statusCode=404 userAgent=PostmanRuntime/7.29.2
time="2023-03-09T11:08:52+07:00" level=warning clientIP="::1" dataLength=0 latency=0ms method=GET path=/api/user/logout referer= statusCode=404 userAgent=PostmanRuntime/7.29.2
time="2023-03-09T11:08:57+07:00" level=info clientIP="::1" dataLength=32 latency=4ms method=POST path=/api/user/logout referer= statusCode=200 userAgent=PostmanRuntime/7.29.2
time="2023-03-09T11:08:58+07:00" level=warning clientIP="::1" dataLength=62 latency=1ms method=POST path=/api/user/logout referer= statusCode=401 userAgent=PostmanRuntime/7.29.2
time="2023-03-09T11:09:02+07:00" level=info clientIP="::1" dataLength=32 latency=1ms method=POST path=/api/user/login referer= statusCode=200 userAgent=PostmanRuntime/7.29.2
time="2023-03-09T11:09:05+07:00" level=info clientIP="::1" dataLength=32 latency=1ms method=POST path=/api/user/logout referer= statusCode=200 userAgent=PostmanRuntime/7.29.2
time="2023-03-09T11:09:08+07:00" level=info clientIP="::1" dataLength=32 latency=2ms method=POST path=/api/user/login referer= statusCode=200 userAgent=PostmanRuntime/7.29.2
time="2023-03-09T11:09:08+07:00" level=warning clientIP="::1" dataLength=39 latency=2ms method=POST path=/api/user/login referer= statusCode=409 userAgent=PostmanRuntime/7.29.2
time="2023-03-09T11:09:10+07:00" level=info clientIP="::1" dataLength=32 latency=1ms method=POST path=/api/user/logout referer= statusCode=200 userAgent=PostmanRuntime/7.29.2
time="2023-03-09T11:09:11+07:00" level=warning clientIP="::1" dataLength=62 latency=1ms method=POST path=/api/user/logout referer= statusCode=401 userAgent=PostmanRuntime/7.29.2
time="2023-03-09T11:18:03+07:00" level=info clientIP="::1" dataLength=30 latency=2ms method=POST path=/api/user/register referer= statusCode=200 userAgent=PostmanRuntime/7.29.2
time="2023-03-09T11:29:05+07:00" level=info clientIP="::1" dataLength=32 latency=2ms method=PUT path=/api/user/updateById referer= statusCode=200 userAgent=PostmanRuntime/7.29.2
time="2023-03-09T11:33:01+07:00" level=warning clientIP="::1" dataLength=68 latency=1ms method=PUT path=/api/user/updateById referer= statusCode=400 userAgent=PostmanRuntime/7.29.2
time="2023-03-09T11:33:29+07:00" level=warning clientIP="::1" dataLength=34 latency=2ms method=PUT path=/api/user/updateById referer= statusCode=404 userAgent=PostmanRuntime/7.29.2
time="2023-03-09T11:33:59+07:00" level=info clientIP="::1" dataLength=30 latency=2ms method=POST path=/api/user/register referer= statusCode=200 userAgent=PostmanRuntime/7.29.2
time="2023-03-09T11:34:13+07:00" level=info clientIP="::1" dataLength=32 latency=2ms method=PUT path=/api/user/updateById referer= statusCode=200 userAgent=PostmanRuntime/7.29.2
time="2023-03-09T11:40:08+07:00" level=info clientIP="::1" dataLength=32 latency=2ms method=PUT path=/api/user/updateById referer= statusCode=200 userAgent=PostmanRuntime/7.29.2
time="2023-03-09T11:40:11+07:00" level=warning clientIP="::1" dataLength=72 latency=1ms method=PUT path=/api/user/updateById referer= statusCode=400 userAgent=PostmanRuntime/7.29.2
time="2023-03-09T11:40:13+07:00" level=info clientIP="::1" dataLength=32 latency=1ms method=PUT path=/api/user/updateById referer= statusCode=200 userAgent=PostmanRuntime/7.29.2
time="2023-03-09T11:40:23+07:00" level=info clientIP="::1" dataLength=32 latency=2ms method=DELETE path=/api/user/deleteById referer= statusCode=200 userAgent=PostmanRuntime/7.29.2
time="2023-03-09T11:40:25+07:00" level=warning clientIP="::1" dataLength=34 latency=1ms method=PUT path=/api/user/updateById referer= statusCode=404 userAgent=PostmanRuntime/7.29.2
time="2023-03-09T11:45:31+07:00" level=warning clientIP="::1" dataLength=37 latency=0ms method=POST path=/api/user/register referer= statusCode=400 userAgent=PostmanRuntime/7.29.2
time="2023-03-09T11:45:49+07:00" level=info clientIP="::1" dataLength=30 latency=1ms method=POST path=/api/user/register referer= statusCode=200 userAgent=PostmanRuntime/7.29.2
time="2023-03-09T11:45:54+07:00" level=warning clientIP="::1" dataLength=37 latency=0ms method=PUT path=/api/user/updateById referer= statusCode=400 userAgent=PostmanRuntime/7.29.2
time="2023-03-09T11:46:13+07:00" level=warning clientIP="::1" dataLength=34 latency=1ms method=PUT path=/api/user/updateById referer= statusCode=404 userAgent=PostmanRuntime/7.29.2
time="2023-03-09T11:46:29+07:00" level=info clientIP="::1" dataLength=32 latency=2ms method=PUT path=/api/user/updateById referer= statusCode=200 userAgent=PostmanRuntime/7.29.2
time="2023-03-09T11:59:00+07:00" level=info clientIP="::1" dataLength=118 latency=2ms method=GET path=/api/user/getAll referer= statusCode=200 userAgent=PostmanRuntime/7.29.2
time="2023-03-09T11:59:41+07:00" level=info clientIP="::1" dataLength=32 latency=2ms method=PUT path=/api/user/updateById referer= statusCode=200 userAgent=PostmanRuntime/7.29.2
time="2023-03-09T12:00:04+07:00" level=info clientIP="::1" dataLength=113 latency=4ms method=GET path=/api/user/search referer= statusCode=200 userAgent=PostmanRuntime/7.29.2
time="2023-03-09T12:00:08+07:00" level=info clientIP="::1" dataLength=113 latency=2ms method=GET path=/api/user/search referer= statusCode=200 userAgent=PostmanRuntime/7.29.2
time="2023-03-09T12:00:10+07:00" level=info clientIP="::1" dataLength=42 latency=2ms method=GET path=/api/user/search referer= statusCode=200 userAgent=PostmanRuntime/7.29.2
time="2023-03-09T12:00:12+07:00" level=info clientIP="::1" dataLength=113 latency=2ms method=GET path=/api/user/search referer= statusCode=200 userAgent=PostmanRuntime/7.29.2
time="2023-03-09T12:00:24+07:00" level=info clientIP="::1" dataLength=30 latency=2ms method=POST path=/api/user/register referer= statusCode=200 userAgent=PostmanRuntime/7.29.2
time="2023-03-09T12:00:28+07:00" level=info clientIP="::1" dataLength=197 latency=1ms method=GET path=/api/user/search referer= statusCode=200 userAgent=PostmanRuntime/7.29.2
